<?xml version="1.0" encoding="UTF-8"?>
<!-- Generated by org.testng.reporters.JUnitXMLReporter -->
<testsuite ignored="0" hostname="DESKTOP-DILHVN5" failures="0" tests="3" name="Default test" time="140.057" errors="0" timestamp="2024-09-19T01:01:07 IST">
  <testcase classname="PageObjectModel.LoginPageTest" name="validateUrl" time="0.037"/>
  <testcase classname="PageObjectModel.LoginPageTest" name="validateTitle" time="0.023"/>
  <testcase classname="PageObjectModel.LoginPageTest" name="validateLogin" time="2.964"/>
</testsuite> <!-- Default test -->
