<?xml version="1.0" encoding="UTF-8"?>
<!-- Generated by org.testng.reporters.JUnitXMLReporter -->
<testsuite ignored="0" hostname="DESKTOP-DILHVN5" failures="0" tests="3" name="Test" time="79.552" errors="0" timestamp="2024-09-19T17:54:34 IST">
  <testcase classname="PageObjectModel.LoginPageTest" name="validateUrl" time="0.031"/>
  <testcase classname="PageObjectModel.LoginPageTest" name="validateTitle" time="0.022"/>
  <testcase classname="PageObjectModel.LoginPageTest" name="validateLogin" time="51.811"/>
</testsuite> <!-- Test -->
