<?xml version="1.0" encoding="UTF-8"?>
<testng-results ignored="0" total="3" passed="3" failed="0" skipped="0">
  <reporter-output>
  </reporter-output>
  <suite started-at="2024-09-19T17:53:15 IST" name="Suite" finished-at="2024-09-19T17:54:34 IST" duration-ms="79552">
    <groups>
    </groups>
    <test started-at="2024-09-19T17:53:15 IST" name="Test" finished-at="2024-09-19T17:54:34 IST" duration-ms="79552">
      <class name="PageObjectModel.LoginPageTest">
        <test-method is-config="true" signature="setUp()[pri:0, instance:PageObjectModel.LoginPageTest@618b19ad]" started-at="2024-09-19T17:53:15 IST" name="setUp" finished-at="2024-09-19T17:53:21 IST" duration-ms="6648" status="PASS">
          <reporter-output>
          </reporter-output>
        </test-method> <!-- setUp -->
        <test-method is-config="true" signature="setUp()[pri:0, instance:PageObjectModel.LoginPageTest@618b19ad]" started-at="2024-09-19T17:53:21 IST" name="setUp" finished-at="2024-09-19T17:53:28 IST" duration-ms="6696" status="PASS">
          <reporter-output>
          </reporter-output>
        </test-method> <!-- setUp -->
        <test-method signature="validateUrl()[pri:1, instance:PageObjectModel.LoginPageTest@618b19ad]" started-at="2024-09-19T17:53:28 IST" name="validateUrl" finished-at="2024-09-19T17:53:28 IST" duration-ms="31" status="PASS">
          <reporter-output>
          </reporter-output>
        </test-method> <!-- validateUrl -->
        <test-method is-config="true" signature="setUp()[pri:0, instance:PageObjectModel.LoginPageTest@618b19ad]" started-at="2024-09-19T17:53:28 IST" name="setUp" finished-at="2024-09-19T17:53:34 IST" duration-ms="6192" status="PASS">
          <reporter-output>
          </reporter-output>
        </test-method> <!-- setUp -->
        <test-method signature="validateTitle()[pri:2, instance:PageObjectModel.LoginPageTest@618b19ad]" started-at="2024-09-19T17:53:34 IST" name="validateTitle" finished-at="2024-09-19T17:53:34 IST" duration-ms="22" status="PASS">
          <reporter-output>
          </reporter-output>
        </test-method> <!-- validateTitle -->
        <test-method is-config="true" signature="setUp()[pri:0, instance:PageObjectModel.LoginPageTest@618b19ad]" started-at="2024-09-19T17:53:34 IST" name="setUp" finished-at="2024-09-19T17:53:42 IST" duration-ms="8070" status="PASS">
          <reporter-output>
          </reporter-output>
        </test-method> <!-- setUp -->
        <test-method signature="validateLogin()[pri:3, instance:PageObjectModel.LoginPageTest@618b19ad]" started-at="2024-09-19T17:53:42 IST" name="validateLogin" finished-at="2024-09-19T17:54:34 IST" duration-ms="51811" status="PASS">
          <reporter-output>
          </reporter-output>
        </test-method> <!-- validateLogin -->
      </class> <!-- PageObjectModel.LoginPageTest -->
    </test> <!-- Test -->
  </suite> <!-- Suite -->
</testng-results>
